Determining if the pthread_create exist failed with the following output:
Change Dir: /home/Andy/my_workspace/Code/slam_exercise/Andy_SLAM_v1/build/CMakeFiles/CMakeTmp

Run Build Command:"/usr/bin/make" "cmTC_6e518/fast"
make[1]: Entering directory '/home/Andy/my_workspace/Code/slam_exercise/Andy_SLAM_v1/build/CMakeFiles/CMakeTmp'
/usr/bin/make -f CMakeFiles/cmTC_6e518.dir/build.make CMakeFiles/cmTC_6e518.dir/build
make[2]: Entering directory '/home/Andy/my_workspace/Code/slam_exercise/Andy_SLAM_v1/build/CMakeFiles/CMakeTmp'
Building C object CMakeFiles/cmTC_6e518.dir/CheckSymbolExists.c.o
/usr/bin/cc     -o CMakeFiles/cmTC_6e518.dir/CheckSymbolExists.c.o   -c /home/Andy/my_workspace/Code/slam_exercise/Andy_SLAM_v1/build/CMakeFiles/CMakeTmp/CheckSymbolExists.c
Linking C executable cmTC_6e518
/usr/bin/cmake -E cmake_link_script CMakeFiles/cmTC_6e518.dir/link.txt --verbose=1
/usr/bin/cc       CMakeFiles/cmTC_6e518.dir/CheckSymbolExists.c.o  -o cmTC_6e518 -rdynamic 
CMakeFiles/cmTC_6e518.dir/CheckSymbolExists.c.o: In function `main':
CheckSymbolExists.c:(.text+0x16): undefined reference to `pthread_create'
collect2: error: ld returned 1 exit status
CMakeFiles/cmTC_6e518.dir/build.make:97: recipe for target 'cmTC_6e518' failed
make[2]: *** [cmTC_6e518] Error 1
make[2]: Leaving directory '/home/Andy/my_workspace/Code/slam_exercise/Andy_SLAM_v1/build/CMakeFiles/CMakeTmp'
Makefile:126: recipe for target 'cmTC_6e518/fast' failed
make[1]: *** [cmTC_6e518/fast] Error 2
make[1]: Leaving directory '/home/Andy/my_workspace/Code/slam_exercise/Andy_SLAM_v1/build/CMakeFiles/CMakeTmp'

File /home/Andy/my_workspace/Code/slam_exercise/Andy_SLAM_v1/build/CMakeFiles/CMakeTmp/CheckSymbolExists.c:
/* */
#include <pthread.h>

int main(int argc, char** argv)
{
  (void)argv;
#ifndef pthread_create
  return ((int*)(&pthread_create))[argc];
#else
  (void)argc;
  return 0;
#endif
}

Determining if the function pthread_create exists in the pthreads failed with the following output:
Change Dir: /home/Andy/my_workspace/Code/slam_exercise/Andy_SLAM_v1/build/CMakeFiles/CMakeTmp

Run Build Command:"/usr/bin/make" "cmTC_71a9a/fast"
make[1]: Entering directory '/home/Andy/my_workspace/Code/slam_exercise/Andy_SLAM_v1/build/CMakeFiles/CMakeTmp'
/usr/bin/make -f CMakeFiles/cmTC_71a9a.dir/build.make CMakeFiles/cmTC_71a9a.dir/build
make[2]: Entering directory '/home/Andy/my_workspace/Code/slam_exercise/Andy_SLAM_v1/build/CMakeFiles/CMakeTmp'
Building C object CMakeFiles/cmTC_71a9a.dir/CheckFunctionExists.c.o
/usr/bin/cc    -DCHECK_FUNCTION_EXISTS=pthread_create   -o CMakeFiles/cmTC_71a9a.dir/CheckFunctionExists.c.o   -c /usr/share/cmake-3.5/Modules/CheckFunctionExists.c
Linking C executable cmTC_71a9a
/usr/bin/cmake -E cmake_link_script CMakeFiles/cmTC_71a9a.dir/link.txt --verbose=1
/usr/bin/cc   -DCHECK_FUNCTION_EXISTS=pthread_create    CMakeFiles/cmTC_71a9a.dir/CheckFunctionExists.c.o  -o cmTC_71a9a -rdynamic -lpthreads 
/usr/bin/ld: cannot find -lpthreads
collect2: error: ld returned 1 exit status
CMakeFiles/cmTC_71a9a.dir/build.make:97: recipe for target 'cmTC_71a9a' failed
make[2]: *** [cmTC_71a9a] Error 1
make[2]: Leaving directory '/home/Andy/my_workspace/Code/slam_exercise/Andy_SLAM_v1/build/CMakeFiles/CMakeTmp'
Makefile:126: recipe for target 'cmTC_71a9a/fast' failed
make[1]: *** [cmTC_71a9a/fast] Error 2
make[1]: Leaving directory '/home/Andy/my_workspace/Code/slam_exercise/Andy_SLAM_v1/build/CMakeFiles/CMakeTmp'


